2025-10-05 11:15:49,575 [INFO] ======================================================================
2025-10-05 11:15:49,578 [INFO] ======================================================================
2025-10-05 11:15:49,578 [INFO]    OMP_NUM_THREADS: Non definita
2025-10-05 11:15:49,579 [INFO]    SLURM_CPUS_PER_TASK: Non definita
2025-10-05 11:15:49,579 [INFO]    SLURM_JOB_ID: Non definita
2025-10-05 11:15:49,579 [INFO]    SLURM_NTASKS: Non definita
2025-10-05 11:15:49,579 [INFO]    PBS_NP: Non definita
2025-10-05 11:15:49,580 [INFO]    SLURM_NPROCS: Non definita
2025-10-05 11:15:49,580 [INFO]    Python version: 3.13.7 (tags/v3.13.7:bcee1c3, Aug 14 2025, 14:15:11) [MSC v.1944 64 bit (AMD64)]
2025-10-05 11:15:49,580 [INFO]    CPU count (physical): 12
2025-10-05 11:15:49,580 [INFO]    Working directory: C:\Users\Ale\Desktop\progetti\FIN - QT
2025-10-05 11:15:49,598 [INFO]    Memoria totale: 16.0 GB
2025-10-05 11:15:49,598 [INFO]    Memoria disponibile: 6.9 GB
2025-10-05 11:15:49,598 [INFO] 
==================================================
2025-10-05 11:15:49,599 [INFO] STEP 1: IMPORTAZIONI
2025-10-05 11:15:49,599 [INFO] ==================================================
2025-10-05 11:15:49,601 [INFO]    numpy OK
2025-10-05 11:15:49,603 [INFO]    Config: 8 sentences
2025-10-05 11:15:49,605 [INFO]    Encoding OK
2025-10-05 11:15:52,133 [INFO]    Quantum circuits OK
2025-10-05 11:15:52,135 [INFO]    MPI utils OK
2025-10-05 11:15:52,510 [INFO]    Main superposition OK
2025-10-05 11:15:52,510 [INFO] 
==================================================
2025-10-05 11:15:52,511 [INFO] STEP 2: BEAST MODE WORKERS SETUP
2025-10-05 11:15:52,511 [INFO] ==================================================
2025-10-05 11:15:52,514 [INFO] 
==================================================
2025-10-05 11:15:52,514 [INFO] STEP 3: PREPARAZIONE DATI
2025-10-05 11:15:52,515 [INFO] ==================================================
2025-10-05 11:15:52,517 [INFO]    Frasi: 8
2025-10-05 11:15:52,517 [INFO]    Parametri totali: 144 (V:72, K:72)
2025-10-05 11:15:52,518 [INFO]    Workers: 11
2025-10-05 11:15:52,523 [INFO]    Frase 1: 2 states
2025-10-05 11:15:52,534 [INFO]    Frase 2: 4 states
2025-10-05 11:15:52,545 [INFO]    Frase 3: 4 states
2025-10-05 11:15:52,556 [INFO]    Frase 4: 4 states
2025-10-05 11:15:52,568 [INFO]    Frase 5: 4 states
2025-10-05 11:15:52,578 [INFO]    Frase 6: 4 states
2025-10-05 11:15:52,588 [INFO]    Frase 7: 4 states
2025-10-05 11:15:52,599 [INFO]    Frase 8: 4 states
2025-10-05 11:15:52,601 [INFO] 
==================================================
2025-10-05 11:15:52,602 [INFO] ==================================================
2025-10-05 11:15:52,603 [INFO]    Batch size medio: 4.0 parametri/batch
2025-10-05 11:15:52,604 [INFO]    Overhead ridotto: 36 tasks invece di 144!
2025-10-05 11:15:52,708 [INFO]    Epoca 0: Processing 8 frasi...
2025-10-05 11:16:23,478 [INFO]       Frase 1/8: Loss=0.8023 Time=30.06s
2025-10-05 11:16:51,909 [INFO]       Frase 2/8: Loss=0.8417 Time=27.96s
2025-10-05 11:17:20,732 [INFO]       Frase 3/8: Loss=0.7561 Time=28.37s
2025-10-05 11:17:51,066 [INFO]       Frase 4/8: Loss=0.8114 Time=29.86s
2025-10-05 11:18:20,273 [INFO]       Frase 5/8: Loss=0.8360 Time=28.66s
2025-10-05 11:18:50,313 [INFO]       Frase 6/8: Loss=0.8917 Time=29.57s
2025-10-05 11:19:20,246 [INFO]       Frase 7/8: Loss=0.7625 Time=29.48s
2025-10-05 11:19:50,942 [INFO]       Frase 8/8: Loss=0.8332 Time=30.24s
2025-10-05 11:19:50,944 [INFO]    Epoca 1: Processing 8 frasi...
2025-10-05 11:20:21,307 [INFO]       Frase 1/8: Loss=0.6378 Time=29.90s
2025-10-05 11:20:53,069 [INFO]       Frase 2/8: Loss=0.6722 Time=31.29s
2025-10-05 11:21:23,993 [INFO]       Frase 3/8: Loss=0.5999 Time=30.31s
2025-10-05 11:21:54,554 [INFO]       Frase 4/8: Loss=0.6449 Time=30.07s
2025-10-05 11:22:27,191 [INFO]       Frase 5/8: Loss=0.6693 Time=32.17s
2025-10-05 11:22:58,391 [INFO]       Frase 6/8: Loss=0.7145 Time=30.72s
2025-10-05 11:23:30,367 [INFO]       Frase 7/8: Loss=0.6046 Time=31.51s
2025-10-05 11:24:05,071 [INFO]       Frase 8/8: Loss=0.6648 Time=34.24s
2025-10-05 11:24:05,073 [INFO]    Epoca 2: Processing 8 frasi...
2025-10-05 11:24:36,372 [INFO]       Frase 1/8: Loss=0.5229 Time=30.64s
2025-10-05 11:25:07,444 [INFO]       Frase 2/8: Loss=0.5536 Time=30.60s
2025-10-05 11:25:37,477 [INFO]       Frase 3/8: Loss=0.4910 Time=29.55s
2025-10-05 11:26:08,868 [INFO]       Frase 4/8: Loss=0.5287 Time=30.92s
2025-10-05 11:26:39,986 [INFO]       Frase 5/8: Loss=0.5526 Time=30.66s
2025-10-05 11:27:11,611 [INFO]       Frase 6/8: Loss=0.5905 Time=31.17s
2025-10-05 11:27:41,612 [INFO]       Frase 7/8: Loss=0.4946 Time=29.30s
2025-10-05 11:28:11,592 [INFO]       Frase 8/8: Loss=0.5472 Time=29.51s
2025-10-05 11:28:11,594 [INFO]    Epoca 3: Processing 8 frasi...
2025-10-05 11:28:42,078 [INFO]       Frase 1/8: Loss=0.4382 Time=30.02s
2025-10-05 11:29:13,499 [INFO]       Frase 2/8: Loss=0.4660 Time=30.96s
2025-10-05 11:29:43,420 [INFO]       Frase 3/8: Loss=0.4109 Time=29.46s
2025-10-05 11:30:16,409 [INFO]       Frase 4/8: Loss=0.4430 Time=32.53s
2025-10-05 11:30:49,027 [INFO]       Frase 5/8: Loss=0.4665 Time=31.86s
2025-10-05 11:31:19,717 [INFO]       Frase 6/8: Loss=0.4987 Time=30.21s
2025-10-05 11:31:49,340 [INFO]       Frase 7/8: Loss=0.4137 Time=29.16s
2025-10-05 11:32:19,291 [INFO]       Frase 8/8: Loss=0.4603 Time=29.49s
2025-10-05 11:32:19,293 [INFO]    Epoca 4: Processing 8 frasi...
2025-10-05 11:32:50,313 [INFO]       Frase 1/8: Loss=0.3735 Time=30.56s
2025-10-05 11:33:21,675 [INFO]       Frase 2/8: Loss=0.3990 Time=30.89s
2025-10-05 11:33:53,697 [INFO]       Frase 3/8: Loss=0.3499 Time=31.19s
2025-10-05 11:34:23,727 [INFO]       Frase 4/8: Loss=0.3777 Time=29.55s
2025-10-05 11:34:53,439 [INFO]       Frase 5/8: Loss=0.4006 Time=29.24s
2025-10-05 11:38:14,348 [INFO] ============================================================
2025-10-05 11:38:14,350 [INFO] ============================================================
2025-10-05 11:38:14,354 [INFO]       Disponibile: 7.1 GB
2025-10-05 11:38:14,355 [INFO]       Utilizzo: 55.6%
2025-10-05 11:38:17,125 [INFO]    Workers: 11/12 (fonte: CPU_COUNT)
2025-10-05 11:38:17,128 [INFO]    Frasi: 8
2025-10-05 11:38:17,128 [INFO]    Parametri totali: 144 (72 V + 72 K)
2025-10-05 11:38:17,128 [INFO]    Embedding dim: 4
2025-10-05 11:38:17,134 [INFO]    Frase 1: 'The cat flies...' -> 2 states
2025-10-05 11:38:17,145 [INFO]    Frase 2: 'The quick brown fox jumps...' -> 4 states
2025-10-05 11:38:17,156 [INFO]    Frase 3: 'Every morning birds sing ...' -> 4 states
2025-10-05 11:38:17,168 [INFO]    Frase 4: 'Children happily play in ...' -> 4 states
2025-10-05 11:38:17,179 [INFO]    Frase 5: 'Beautiful flowers bloom i...' -> 4 states
2025-10-05 11:38:17,190 [INFO]    Frase 6: 'Smart students learn new ...' -> 4 states
2025-10-05 11:38:17,200 [INFO]    Frase 7: 'Cats sleep quietly on sof...' -> 4 states
2025-10-05 11:38:17,210 [INFO]    Frase 8: 'Dogs bark loudly at stran...' -> 4 states
2025-10-05 11:38:17,212 [INFO] 
============================================================
2025-10-05 11:38:17,213 [INFO]    Epochs: 10
2025-10-05 11:38:17,213 [INFO]    Learning Rate: 0.01
2025-10-05 11:38:17,213 [INFO]    Convergence Target: < 0.05
2025-10-05 11:38:17,213 [INFO]    Parallelizzazione: 11 workers
2025-10-05 11:38:17,213 [INFO] ============================================================
2025-10-05 11:38:18,019 [INFO]    Frase 1: Loss=1.4865, Batch=21 (vs 144 task singoli)
